/user/home/fi19121/.conda/envs/egovlp_new/lib/python3.8/site-packages/torchvision/transforms/_functional_video.py:6: UserWarning: The 'torchvision.transforms._functional_video' module is deprecated since 0.12 and will be removed in 0.14. Please use the 'torchvision.transforms.functional' module instead.
  warnings.warn(
/user/home/fi19121/.conda/envs/egovlp_new/lib/python3.8/site-packages/torchvision/transforms/_transforms_video.py:25: UserWarning: The 'torchvision.transforms._transforms_video' module is deprecated since 0.12 and will be removed in 0.14. Please use the 'torchvision.transforms' module instead.
  warnings.warn(
WARNING - test - No observers have been added to this run
INFO - test - Running command 'run'
INFO - test - Started
TextVideoDataLoader
Video Transform is used!
FrozenInTime
######USING ATTENTION STYLE:  frozen-in-time
2036
INFO - test - Completed after 0:23:19
['#C C take plate ']
['#C C put down plate ']
['#C C take paper ']
['#C C wash cloth ']
['#C C take cloth ']
['#C C squeeze cloth ']
['#C C wipe counter ']
['#C C wipe sink ']
['#C C continue wiping sink ']
['#C C squeeze cloth ']
['#C C take onion ']
['#C C turn on tap ']
['#C C wash sink ']
['#C C open bin ']
['#C C turn off tap ']
['#C C squeeze cloth ']
['#C C wipe cooker ']
['#C C put down cloth ']
['#C C open bin ']
['#C C throw onion in ']
['#C C close bin ']
['#C C take cloth ']
['#C C dry hands ']
['#C C hand cloth ']
['#C C throw paper into bin ']
['#C C take hand ']
['#C C throw can into bin ']
['#C C take bin ']
['#C C put bin onto other bin ']
['#C C take bins ']
['#C C put down bins ']
['#C C open bin ']
['#C C close bag ']
['#C C tie bag ']
['#C C close bin ']
['#C C close bin ']
['#C C put bin onto other bin ']
['#C C open bin ']
['#C C remove bag of the bin ']
['#C C take bin out ']
['#C C tie bag ']
['#C C put bag into bin ']
['#C C take garbage bag ']
['#C C open bag ']
['#C C open bin ']
['#C C put bag into bin ']
['#C C take tray ']
['#C C take lid ']
['#C C close container ']
['#C C take container and plate ']
['#C C open fridge ']
['#C C move things in the fridge ']
['#C C put container into fridge ']
['#C C put plate into fridge ']
['#C C close fridge ']
['#C C take spatula ']
['#C C put down tray ']
['#C C take trays ']
['#C C put down trays ']
['#C C put down spatula and pizza cutter ']
['#C C take pizza ']
['#C C dry hands ']
['#C C take plate ']
['#C C put down plate ']
['#C C take tablecloth ']
['#C C fold tablecloth ']
['#C C put tablecloth into cupboard ']
['#C C take container ']
['#C C open container ']
['#C C take pizza slice ']
['#C C put pizza slice into container ']
['#C C put pizza onto plate ']
['#C C take pizza slice ']
['#C C take knife ']
['#C C put down knife ']
['#C C cut pizza ']
['#C C put pizza slice into container ']
['#C C put down knife ']
['#C C take lid ']
['#C C put down lid ']
['#C C close container ']
['#C C turn on tap ']
['#C C take pizza ']
['#C C wash hand ']
['#C C turn off tap ']
['#C C take sponge ']
['#C C squeeze sponge ']
['#C C take washing up liquid ']
['#C C put down washing up liquid ']
['#C C wash knife ']
['#C C take fork ']
['#C C wash fork ']
['#C C put down fork ']
['#C C put pizza slice onto plate ']
['#C C take pizza cutter ']
['#C C turn on tap ']
['#C C rinse pizza cutter ']
['#C C wash pizza cutter ']
['#C C put down pizza cutter ']
['#C C take plate ']
['#C C wash plate ']
['#C C put down plate ']
['#C C take spatula ']
['#C C wash spatula ']
['#C C take pizza slice ']
['#C C put down spatula ']
['#C C take tray ']
['#C C wash tray ']
['#C C put down tray ']
['#C C take tray ']
['#C C wash tray ']
['#C C put down tray ']
['#C C put down sponge ']
['#C C take glass ']
['#C C wash glass ']
['#C C put pizza slice onto plate ']
['#C C turn on tap ']
['#C C rinse glass ']
['#C C put glass into rack ']
['#C C take spatula ']
['#C C rinse spatula ']
['#C C put spatula into rack. ']
['#C C take knife ']
['#C C rinse knife. ']
['#C C wash knife. ']
['#C C wash knife. ']
['#C C take paper ']
['#C C rinse knife. ']
['#C C put knife into rack. ']
['#C C take fork. ']
['#C C wash fork. ']
['#C C rinse fork. ']
['#C C take pizza cutter. ']
['#C C rinse pizza cutter. ']
['#C C put pizza cutter into rack. ']
['#C C take tray. ']
['#C C rinse tray. ']
['#C C fold paper ']
['#C C put tray into rack. ']
['#C C take tray. ']
['#C C rinse tray. ']
['#C C put tray into rack ']
['#C C take plate ']
['#C C rinse plate ']
['#C C wash plate ']
['#C C rinse plate ']
['#C C put plate into track ']
['#C C wash sponge ']
['#C C take cutlery ']
['#C C open drawer ']
['#C C close drawer ']
['#C C take cutting board ']
['#C C open cupboard ']
['#C C put cutting board into cupboard ']
['#C C take trays ']
['#C C put trays into cupboard ']
['#C C take pan ']
['#C C put pan into cupboard ']
['#C C take bowls ']
['#C C open cupboard ']
['#C C put down fork ']
['#C C put bowls into cupboard ']
['#C C open cupboard ']
['#C C take out ']
['#C C close cupboard ']
['#C C close cupboard ']
['#C C pull down cup ']
['#C C take plates ']
['#C C open cupboard ']
['#C C put plates into cupboard ']
['#C C take measuring cups and glass ']
['#C C put down knife ']
['#C C open cupboard ']
['#C C put cup into cupboard ']
['#C C put measuring cup into cupboard ']
['#C C close cupboard ']
['#C C take rolling bin ']
['#C C close cupboard ']
['#C C open drawer ']
['#C C put rolling pin into drawer ']
['#C C close drawer ']
['#C C take tablecloth ']
['#C C put down spoon ']
['#C C unfold tablecloth ']
['#C C pull down tablecloth ']
['#C C put cup onto tablecloth ']
['#C C take spoon ']
['#C C put down spoon ']
['#C C open fridge ']
['#C C take soy milk ']
['#C C take container ']
['#C C close fridge ']
['#C C put down container ']
['#C C put down spatula ']
['#C C shake soy milk ']
['#C C open milk ']
['#C C pour milk ']
['#C C close milk ']
['#C C put down soya milk ']
['#C C open cupboard ']
['#C C take cereals ']
['#C C put down cereals ']
['#C C open cereal box ']
['#C C unfold cereal bag ']
['#C C put down pizza cutter ']
['#C C pour cereals ']
['#C C put down cereals ']
['#C C put down tong ']
['#C C put down knife ']
['#C C put down spatula ']
['#C C take cereal bag ']
['#C C fold cereal bag ']
['#C C hang table cloth ']
['#C C take washing up liquid ']
['#C C pour washing op liquid ']
['#C C put down washing up liquid ']
['#C C turn on tap ']
['#C C wash cup and spoon ']
['#C C rinse spoon ']
['#C C put down spoon ']
['#C C rinse cup ']
['#C C turn off tap ']
['#C C put cereal bag into cereal box ']
['#C C put down cup ']
['#C C dry hands ']
['#C C open cupboard ']
['#C C take glass ']
['#C C close cupboard ']
['#C C put down glass ']
['#C C take bottle ']
['#C C pour water into glass ']
['#C C drink water ']
['#C C put down glass ']
['#C C close cereal box ']
['#C C open cupboard ']
['#C C put cereal box into cupboard ']
['#C C close cupboard ']
['#C C take cup and spoon ']
['#C C put down cup and spoon ']
['#C C take table cloth ']
['#C C take bin ']
['#C C put down bin ']
['#C C close bin ']
['#C C take kettle ']
['#C C open kettle ']
['#C C turn on tap ']
['#C C pour water into kettle ']
['#C C turn off tap ']
['#C C close kettle ']
['#C C put down kettle ']
['#C C turn on kettle ']
['#C C open cupboard ']
['#C C take colander ']
['#C C move bin ']
['#C C put down colander ']
['#C C put lid into cupboard ']
['#C C close cupboard ']
['#C C put down pan ']
['#C C pour aubergine into pan ']
['#C C put down cutting board ']
['#C C put down knife ']
['#C C open drawer ']
['#C C take spatula ']
['#C C close drawer ']
['#C C lift bin ']
['#C C stir aubergine ']
['#C C put down aubergine ']
['#C C take salt ']
['#C C pour salt ']
['#C C open salt ']
['#C C close salt ']
['#C C put down salt ']
['#C C stir aubergine ']
['#C C put down spatula ']
['#C C take container ']
['#C C take bins ']
['#C C open container ']
['#C C take onion ']
['#C C put down onion ']
['#C C cut onion ']
['#C C take knife ']
['#C C put onion into container ']
['#C C close container ']
['#C C cut onion ']
['#C C open container ']
['#C C put onion into container ']
['#C C move bins ']
['#C C close container ']
['#C C slice onion ']
['#C C continue slicing onion ']
['#C C chop onion ']
['#C C continue chopping onion ']
['#C C put down knife ']
['#C C take onion bits ']
['#C C take spatula ']
['#C C stir ']
['#C C put down spatula ']
['#C C put down bins ']
['#C C take container ']
['#C C open fridge ']
['#C C put container into fridge ']
['#C C close fridge ']
['#C C take bottle ']
['#C C open bottle ']
['#C C open drawer ']
['#C C take corkscrew ']
['#C C open bottle ']
['#C C take cork ']
['#C C take soy milk ']
['#C C open drawer ']
['#C C put down bottle opener ']
['#C C close drawer ']
['#C C take bottle ']
['#C C put down bottle ']
['#C C take cork ']
['#C C open bin ']
['#C C take spatula ']
['#C C stir aubergine ']
['#C C adjust hob ']
['#C C crush soy milk ']
['#C C stir aubergine ']
['#C C put down spatula ']
['#C C take kettle ']
['#C C pour water into saucepan ']
['#C C put down kettle ']
['#C C take spatula ']
['#C C stir aubergine ']
['#C C take cutting board ']
['#C C pour onion into pan ']
['#C C put down cutting board ']
['#C C put soy milk into bin ']
['#C C adjust hob ']
['#C C stir food ']
['#C C continue stirring food ']
['#C C put down spatula ']
['#C C take salt ']
['#C C open salt ']
['#C C open drawer ']
['#C C take spoon ']
['#C C close drawer ']
['#C C pour salt ']
['#C C take can and paper ']
['#C C stir salt ']
['#C C close salt ']
['#C C put down spoon ']
['#C C put down salt ']
['#C C take spatula ']
['#C C stir food ']
['#C C put down spatula ']
['#C C open drawer ']
['#C C move bottle ']
['#C C move glass ']
['#C C take bag ']
['#C C crush can ']
['#C C put down table cloth ']
['#C C move plates ']
['#C C move container ']
['#C C put down table cloth ']
['#C C put down container ']
['#C C open cupboard ']
['#C C take plates ']
['#C C close cupboard ']
['#C C put down plates ']
['#C C put down plates ']
['#C C put can into bin ']
['#C C open drawer ']
['#C C take cutlery ']
['#C C close drawer ']
['#C C put down cutlery ']
['#C C move chair ']
['#C C move chair ']
['#C C put down cutlery ']
['#C C take spatula ']
['#C C stir food ']
['#C C adjust hob ']
['#C C tear paper ']
['#C C put down spatula ']
['#C C take tomato sauce ']
['#C C open sauce ']
['#C C pour sauce ']
['#C C continue pouring sauce ']
['#C C put down sauce ']
['#C C stir food ']
['#C C continue stirring food ']
['#C C put down spatula ']
['#C C take pasta ']
['#C C put paper into bin ']
['#C C open drawer ']
['#C C take scissor ']
['#C C cut pasta bag ']
['#C C put scissor into drawer ']
['#C C close drawer ']
['#C C take pasta out of the bag ']
['#C C pour pasta ']
['#C C pour pasta ']
['#C C throw plastic bag into bin ']
['#C C open drawer ']
['#C C take cup and spoon ']
['#C C close drawer ']
['#C C stir pasta ']
['#C C put down spatula ']
['#C C take spatula ']
['#C C stir food ']
['#C C take lid ']
['#C C put down spatula ']
['#C C take bottle ']
['#C C put down bottle ']
['#C C move things ']
['#C C open cupboard ']
['#C C take bottle ']
['#C C move container ']
['#C C turn on tap ']
['#C C rinse bottle ']
['#C C rinse sauce ']
['#C C turn off tap ']
['#C C take lid ']
['#C C put lid and bottle into bins ']
['#C C dry hands ']
['#C C take containers ']
['#C C put cup into cupboard ']
['#C C take spatula ']
['#C C stir food ']
['#C C put down spatula ']
['#C C open cupboard ']
['#C C take glass ']
['#C C take glass ']
['#C C take glass ']
['#C C put down glass ']
['#C C close cupboard ']
['#C C put down glass ']
['#C C close cupboard ']
['#C C take glasses ']
['#C C put down glasses ']
['#C C take wine bottle ']
['#C C pour wine into glass ']
['#C C pour wine into glass ']
['#C C put down bottle ']
['#C C move glasses ']
['#C C move glass ']
['#C C take spatula ']
['#C C stir food ']
['#C C open drawer ']
['#C C put down spatula ']
['#C C take spatula ']
['#C C stir pasta ']
['#C C taste pasta ']
['#C C put down spatula ']
['#C C take spatula ']
['#C C stir food ']
['#C C check time ']
['#C C stir food ']
['#C C put down spatula ']
['#C C put spoon into drawer ']
['#C C turn off hob ']
['#C C lift saucepan ']
['#C C put down saucepan ']
['#C C put colander into sink ']
['#C C take colander ']
['#C C take saucepan ']
['#C C drain pasta ']
['#C C continue draining pasta ']
['#C C continue draining pasta ']
['#C C pour pasta into pan ']
['#C C unroll bag ']
['#C C close drawer ']
['#C C put colander into sink ']
['#C C take mozzarella ']
['#C C open mozzarella bag ']
['#C C sprinkle mozzarella ']
['#C C take spatula ']
['#C C take spatula ']
['#C C stir pasta ']
['#C C continue stirring pasta ']
['#C C sprinkle mozzarella ']
['#C C take spatula ']
['#C C open fridge ']
['#C C stir pasta ']
['#C C continue stirring pasta ']
['#C C sprinkle mozzarella ']
['#C C stir pasta ']
['#C C continue stirring pasta ']
['#C C put down spatula ']
['#C C take plate ']
['#C C put down spatula ']
['#C C put down plate ']
['#C C put down spoon ']
['#C C take plate ']
['#C C take spatula ']
['#C C pour pasta onto plate ']
['#C C take plate ']
['#C C put down plate ']
['#C C move plate ']
['#C C pour pasta onto plate ']
['#C C pour pasta onto plate ']
['#C C pour pasta onto place ']
['#C C put down saucepan ']
['#C C put down spatulas ']
['#C C put down plate ']
['#C C take pan and spatulas ']
['#C C put down pan and spatulas ']
['#C C take pasta ']
['#C C open bin ']
['#C C throw pasta into bin ']
['#C C close bin ']
['#C C turn on tap ']
['#C C wash hands ']
['#C C rinse spatula ']
['#C C close tap ']
['#C C take mushrooms ']
['#C C dry hands ']
['#C C hang cloth ']
['#C C close mozzarella bag ']
['#C C fold mozzarella bag ']
['#C C open drawer ']
['#C C take clip ']
['#C C put clip on bag ']
['#C C close drawer ']
['#C C open fridge ']
['#C C put mozzarella into fridge ']
['#C C put down mushrooms ']
['#C C close fridge ']
['#C C take plates ']
['#C C put down plates ']
['#C C put down plates ']
['#C C open drawer ']
['#C C looking for something ']
['#C C close drawer ']
['#C C take container ']
['#C C open bag ']
['#C C take mushrooms ']
['#C C put down mushrooms and container ']
['#C C take bowl ']
['#C C put down bowl ']
['#C C take container ']
['#C C open container ']
['#C C close container ']
['#C C put down pasta ']
['#C C pull down container ']
['#C C take mushroom ']
['#C C continue opening bag ']
['#C C put down mushroom ']
['#C C open container ']
['#C C put container into fridge ']
['#C C take aubergine and celery ']
['#C C put down celery ']
['#C C take mozzarella ']
['#C C move mushrooms ']
['#C C take pasta ']
['#C C put down pasta ']
['#C C looking for something ']
['#C C open bin ']
['#C C take container ']
['#C C put down mozzarella ']
['#C C put down aubergine ']
['#C C open container ']
['#C C close container ']
['#C C take mozzarella ']
['#C C take tomato sauce ']
['#C C close fridge ']
['#C C put down tomato sauce mozzarella and container ']
['#C C open cupboard ']
['#C C take banana skin ']
['#C C take cutting board ']
['#C C put down cutting board ']
['#C C take pan ']
['#C C put down pan ']
['#C C close cupboard ']
['#C C close cupboard ']
['#C C open container ']
['#C C take aubergine ']
['#C C put down aubergine ']
['#C C put down container ']
['#C C put banana skin into bag ']
['#C C move cutting board ']
['#C C take olive oil ']
['#C C open oil ']
['#C C pour oil into pan ']
['#C C close oil ']
['#C C put down oil ']
['#C C turn on hob ']
['#C C open drawer ']
['#C C take knife ']
['#C C close drawer ']
['#C C put bag in to bin ']
['#C C cut aubergine ']
['#C C continue cutting aubergine ']
['#C C dicing aubergine ']
['#C C continue dicing aubergine ']
['#C C continue dicing aubergine ']
['#C C still dicing aubergine ']
['#C C put down knife ']
['#C C open bin ']
['#C C throw aubergine end into bin ']
['#C C check oil ']
['#C C move chair ']
['#C C take knife ']
['#C C put plate onto plates ']
['#C C put plate down ']
['#C C rinse plate ']
['#C C put down plate ']
['#C C take spatula ']
['#C C rinse spatula ']
['#C C take sponge ']
['#C C wash spatula ']
['#C C rinse spatula ']
['#C C move pan ']
['#C C remove pasta ']
['#C C put down plates ']
['#C C rinse spatula ']
['#C C take sponge ']
['#C C wash spatula ']
['#C C put down sponge ']
['#C C adjust tap ']
['#C C rinse spatula ']
['#C C put down spatula ']
['#C C take knife ']
['#C C rinse knife ']
['#C C rinse knife ']
['#C C put down cutlery ']
['#C C put down knife ']
['#C C put down knife ']
['#C C take knife ']
['#C C take knife ']
['#C C rinse knife ']
['#C C put down knife ']
['#C C take fork ']
['#C C rinse fork ']
['#C C put down fork ']
['#C C put down fork ']
['#C C take paper ']
['#C C take fork ']
['#C C take fork ']
['#C C rinse fork ']
['#C C rinse fork ']
['#C C take sponge ']
['#C C take sponge ']
['#C C wash fork ']
['#C C put down sponge ']
['#C C rinse fork ']
['#C C put down fork ']
['#C C open bin ']
['#C C take knife ']
['#C C rinse knife ']
['#C C wash knife ']
['#C C put down sponge ']
['#C C rinse knife ']
['#C C put down knife ']
['#C C put down knife ']
['#C C take spoon ']
['#C C rinse spoon ']
['#C C put down spoon ']
['#C C throw paper into bin ']
['#C C take knife ']
['#C C rinse knife ']
['#C C take spatula. ']
['#C C rinse spatula. ']
['#C C put down spatula. ']
['#C C close tap. ']
['#C C wash cutting board. ']
['#C C take washing up liquid. ']
['#C C pour washing up liquid. ']
['#C C put down washing up liquid. ']
['#C C close bin ']
['#C C wash pan. ']
['#C C empty pan. ']
['#C C continue washing pan. ']
['#C C put down pan. ']
['#C C take colander. ']
['#C C remove pasta. ']
['#C C take sponge ']
['#C C wash colander ']
['#C C put down colander ']
['#C C remove pasta ']
['#C C take table cloth ']
['#C C remove pasta ']
['#C C put down sponge ']
['#C C empty pan ']
['#C C take sponge ']
['#C C wash pan ']
['#C C continue washing pan ']
['#C C put down pan ']
['#C C take container ']
['#C C open container ']
['#C C wash container ']
['#C C fold table cloth ']
['#C C put down container ']
['#C C take lid ']
['#C C wash lid ']
['#C C put down lid ']
['#C C take container ']
['#C C wash container ']
['#C C put down container and sponge ']
['#C C rinse hands ']
['#C C rinse container ']
['#C C put down container ']
['#C C open drawer ']
['#C C rinse container ']
['#C C take container ']
['#C C put down container ']
['#C C take lid ']
['#C C rinse lid ']
['#C C put down lid ']
['#C C take lid ']
['#C C rinse lid ']
['#C C put down lid ']
['#C C take colander ']
['#C C take plate ']
['#C C put table cloth into drawer ']
['#C C rinse colander ']
['#C C still rinsing colander ']
['#C C take sponge ']
['#C C wash colander ']
['#C C squeeze sponge ']
['#C C wash colander ']
['#C C rinse colander ']
['#C C put down colander ']
['#C C take pan ']
['#C C wash pan ']
['#C C take table cloth ']
['#C C rinse pan ']
['#C C take sponge ']
['#C C squeeze sponge ']
['#C C put down sponge ']
['#C C rinse sponge ']
['#C C put down pan ']
['#C C empty saucepan ']
['#C C rinse pan ']
['#C C put down pan ']
['#C C take cutting board ']
['#C C fold table cloth ']
['#C C rinse cutting board ']
['#C C continue rinsing cutting board ']
['#C C turn off tap ']
['#C C drain cutting board ']
['#C C put down cutting board ']
['#C C squeeze sponge ']
['#C C put down sponge ']
['#C C take pasta ']
['#C C squeeze pasta ']
['#C C open bin ']
['#C C put table cloth into drawer ']
['#C C throw pasta into bin ']
['#C C close bin ']
['#C C take washing up liquid ']
['#C C open cupboard ']
['#C C dry hands ']
['#C C take cleansing ']
['#C C wipe counter ']
['#C C wipe cooker ']
['#C C take sponge ']
['#C C wipe cooker ']
['#C C close drawer ']
['#C C put down sponge ']
['#C C take cloth ']
['#C C wipe cooker ']
['#C C wipe counter ']
['#C C open bin ']
['#C C throw something into bin ']
['#C C turn on tap ']
['#C C wash cloth ']
['#C C turn off tap ']
['#C C squeeze cloth ']
['#C C take sponge ']
['#C C wipe cooker ']
['#C C continue wiping cooker ']
['#C C turn on tap ']
['#C C wash cloth ']
['#C C turn off tap ']
['#C C squeeze cloth ']
['#C C wipe cooker ']
['#C C wipe counter ']
['#C C wipe counter ']
['#C C wash sponge ']
['#C C turn on tap ']
['#C C turn on tap ']
['#C C wash cloth ']
['#C C put down sponge ']
['#C C wash sink ']
['#C C squeeze cloth ']
['#C C wipe counter ']
['#C C continue wiping counter ']
['#C C wipe sink ']
['#C C continue wiping sink ']
['#C C put down sponges ']
['#C C rinse sponge ']
['#C C squeeze clothe ']
['#C C turn on tap ']
['#C C wash cloth ']
['#C C turn off tap ']
['#C C squeeze cloth ']
['#C C wipe counter ']
['#C C wipe sink ']
['#C C put down soap ']
['#C C move washing up liquid ']
['#C C turn on tap ']
['#C C close tap ']
['#C C wash cloth ']
['#C C put down cloth ']
['#C C wash hands ']
['#C C turn off tap ']
['#C C dry hands ']
['#C C hang cloth ']
['#C C move chair ']
['#C C move chair ']
['#C C take glass ']
['#C C pour wine ']
['#C C take washing up liquid ']
['#C C put down bottle ']
['#C C put down knife ']
['#C C pour washing up liquid ']
['#C C squeeze sponge ']
['#C C take spatula ']
['#C C wash spatula ']
['#C C continue washing spatula ']
['#C C put down spatula ']
['#C C take spatula ']
['#C C wash spatula ']
['#C C put down spatula ']
['#C C take knife ']
['#C C open bin ']
['#C C wash knife ']
['#C C put down knife ']
['#C C take knife ']
['#C C wash knife ']
['#C C put down knife ']
['#C C take spoon ']
['#C C wash spoon ']
['#C C put down spoon ']
['#C C take fork ']
['#C C wash fork ']
['#C C throw leftovers into bin ']
['#C C put down fork ']
['#C C take knife ']
['#C C wash knife ']
['#C C wash knife ']
['#C C put down knife ']
['#C C take fork ']
['#C C wash knife ']
['#C C put down knife ']
['#C C take fork ']
['#C C take fork ']
['#C C close bin ']
['#C C wash fork ']
['#C C wash fork ']
['#C C put down fork ']
['#C C put down fork ']
['#C C take knife ']
['#C C wash knife ']
['#C C put down knife ']
['#C C take plate ']
['#C C wash plate ']
['#C C turn on tap ']
['#C C put plate onto plate ']
['#C C rinse plate ']
['#C C turn off tap ']
['#C C continue washing plate ']
['#C C put down plate ']
['#C C take plate ']
['#C C turn on tap ']
['#C C rinse plate ']
['#C C turn off tap ']
['#C C wash plate ']
['#C C continue washing pate ']
['#C C take plates ']
['#C C put down plate ']
['#C C take plate ']
['#C C wash plate ']
['#C C turn on tap ']
['#C C rinse plate ']
['#C C close tap ']
['#C C wash plate ']
['#C C put on sponge ']
['#C C take sponge ']
['#C C wash plate ']
['#C C take plate ']
['#C C put down sponge ']
['#C C turn on tap ']
['#C C rinse plate ']
['#C C put down plate ']
['#C C take plate ']
['#C C rinse plate ']
['#C C take sponge ']
['#C C wash plate ']
['#C C rinse plate ']
['#C C drain plate ']
['#C C hold pan ']
['#C C move pan ']
['#C C get spoon ']
['#C C remove towels ']
['#C C close drawer ']
['#C C open drawer ']
['#C C put towels ']
['#C C close drawer ']
['#C C knead dough ']
['#C C knead dough in bowl ']
['#C C hold bowl ']
['#C C knead dough ']
['#C C hold bowl ']
['#C C open fridge ']
['#C C knead dough ']
['#C C move bowl ']
['#C C pick up tray ']
['#C C put tray ']
['#C C move paper towel ']
['#C C move pan ']
['#C C move tray ']
['#C C pick up olive oil ']
['#C C open olive oil bottle ']
['#C C pick up olive oil ']
['#C C pick up yoghurt ']
['#C C pour oil onto tray ']
['#C C put olive oil bottle ']
['#C C spread olive in tray ']
['#C C spread olive in tray ']
['#C C pick up dough ']
['#C C get a bowl of dough ']
['#C C pick up olive oil ']
['#C C pour olive oil in plate ']
['#C C put olive oil ']
['#C C pick up some oil ']
['#C C put yoghurt ']
['#C C knead dough in hand ']
['#C C roll dough ']
['#C C put bowl of dough ']
['#C C get bowl of dough ']
['#C C pick up oil ']
['#C C knead dough ']
['#C C pick up oil ']
['#C C roll dough ']
['#C C pick up oil ']
['#C C spread oil on hand ']
['#C C put spoon ']
['#C C get a bowl of dough ']
['#C C knead bowl of dough ']
['#C C roll bowl of dough ']
['#C C put bowl of dough ']
['#C C get some oil ']
['#C C spread oil on hand ']
['#C C get ball of dough ']
['#C C knead ball of dough ']
['#C C roll ball of dough ']
['#C C put ball of dough ']
['#C C pick up tahini ']
['#C C get some oil ']
['#C C spread oil on hand ']
['#C C get ball of dough ']
['#C C knead ball of dough ']
['#C C roll ball of dough ']
['#C C get some oil ']
['#C C roll ball of dough ']
['#C C put ball of dough ']
['#C C get ball of dough ']
['#C C get some oil ']
['#C C open tahini ']
['#C C knead ball of dough ']
['#C C roll ball of dough ']
['#C C get some oil ']
['#C C roll ball of dough ']
['#C C put ball of dough ']
['#C C get some oil ']
['#C C spread oil on hand ']
['#C C get ball of dough ']
['#C C knead ball of dough ']
['#C C get some oil ']
['#C C pick up spoon ']
['#C C knead ball of dough ']
['#C C knead ball of dough ']
['#C C roll ']
['#C C pick up oil bottle ']
['#C C pour oil bottle into plate ']
['#C C put bottle of oil ']
['#C C get some oil ']
['#C C spread oil on hand ']
['#C C knead ball of dough ']
['#C C roll ball of dough ']
['#C C mix tahini ']
['#C C put ball of dough ']
['#C C get some oil ']
['#C C spread oil on hand ']
['#C C get ball of dough ']
['#C C knead ball of dough ']
['#C C roll ball of dough ']
['#C C put ball of dough ']
['#C C get some meat from pan ']
['#C C put meat on ball of dough ']
['#C C get some meat ']
['#C C stirring tahini ']
['#C C get some meat ']
['#C C put meat on ball of dough ']
['#C C put meat on ball of dough ']
['#C C squeeze ']
['#C C get some meat ']
['#C C put meat on ball of dough ']
['#C C get meat ']
['#C C put meat on ball of dough ']
['#C C get meat mix ']
['#C C put meat on ball of dough ']
['#C C open cupboard ']
['#C C scoop tahini ']
['#C C get meat mix ']
['#C C put meat on ball of dough ']
['#C C get meat mix ']
['#C C put mix on ball of dough ']
['#C C get meat mix ']
['#C C put mix on ball of dough ']
['#C C get meat mix ']
['#C C put mix on ball of dough ']
['#C C get meat mix from pan ']
['#C C put mix on ball of dough ']
['#C C scoop tahini ']
['#C C get meat mix from pan ']
['#C C get meat mix from pan ']
['#C C put meat mix on ball of dough ']
['#C C put mix meat on ball of dough ']
['#C C get meat mix from pan ']
['#C C put meat mix on ball of dough ']
['#C C get meat mix from pan ']
['#C C put meat mix on ball of dough ']
['#C C pick up tray ']
['#C C put tray on stove ']
['#C C pour tahini on meat ']
['#C C pick up tray ']
['#C C put tray ']
['#C C pick up plate ']
['#C C pour oil from plate to tray ']
['#C C spread oil in tray ']
['#C C pick up plate ']
['#C C pour oil in tray ']
['#C C spread oil in tray ']
['#C C get bowl of dough from bowl ']
['#C C knead dough ']
['#C C put tahini on meat ']
['#C C roll bowl of dough ']
['#C C put ball of dough ']
['#C C turn oven on ']
['#C C get ball of dough ']
['#C C knead ball of dough ']
['#C C roll ball of dough ']
['#C C put ball of dough ']
['#C C get ball of dough ']
['#C C get some oil ']
['#C C knead ball of dough ']
['#C C close tahini ']
['#C C roll ball of dough ']
['#C C put ball of dough ']
['#C C get some oil ']
['#C C spread oil on hand ']
['#C C get ball of dough ']
['#C C knead ball of dough ']
['#C C roll ball of dough ']
['#C C put ball of dough ']
['#C C get some oil ']
['#C C spread oil on hand ']
['#C C put tahini away ']
['#C C get ball of dough ']
['#C C knead ball of dough ']
['#C C get some oil ']
['#C C roll all ball of dough ']
['#C C put ball of dough ']
['#C C get some oil ']
['#C C spread oil on hand ']
['#C C get ball of dough ']
['#C C get some oil ']
['#C C spread oil on hand ']
['#C C open yoghurt ']
['#C C knead ball of dough ']
['#C C roll ']
['#C C put ball of dough ']
['#C C get meat mix ']
['#C C put meat mix on dough ']
['#C C get meat mix from pan ']
['#C C put meat mix on dough ']
['#C C get mix meat from pan ']
['#C C put mix meat on dough ']
['#C C put meat mix on dough ']
['#C C pick up spoon ']
['#C C get meat mix from pan ']
['#C C put meat mix on dough ']
['#C C get meat mix from pan ']
['#C C get meat mix from pan from spoon ']
['#C C put meat mix on dough ']
['#C C get meat mix from pan ']
['#C C put meat mix on dough ']
['#C C open cupboard ']
['#C C get tray ']
['#C C remove bags ']
['#C C scoop yoghurt ']
['#C C pick up tray ']
['#C C put tray ']
['#C C put tray ']
['#C C pick up plate ']
['#C C pour oil ']
['#C C pick up olive oil bottle ']
['#C C pour oil on tray ']
['#C C spread oil in tray ']
['#C C pick up dough half dough ']
['#C C knead ball of dough ']
['#C C put yoghurt ']
['#C C roll ball of dough ']
['#C C put ball of dough ']
['#C C pick up ball of dough ']
['#C C roll ']
['#C C knead ball of dough ']
['#C C roll ball of dough ']
['#C C put ball of dough on tray ']
['#C C open drawer ']
['#C C pick up spoon ']
['#C C pick up olive oil bottle ']
['#C C pick up herb ']
['#C C put spoon ']
['#C C pour olive oil in plate ']
['#C C put olive oil bottle ']
['#C C open jar ']
['#C C scoop thyme ']
['#C C put thyme in tray ']
['#C C mix thyme and olive oil in plate ']
['#C C scoop thyme and olive oil using hand ']
['#C C put thyme and olive oil on dough ']
['#C C scoop thyme and olive oil using hand ']
['#C C close yoghurt ']
['#C C put thyme and olive oil on dough ']
['#C C pick up tray ']
['#C C put plate ']
['#C C pick up olive oil bottle ']
['#C C pour olive oil into plate ']
['#C C return bottle ']
['#C C hold plate ']
['#C C get thyme ']
['#C C mix thyme in plate ']
['#C C pick up olive oil ']
['#C C put yoghurt ']
['#C C add olive ']
['#C C mix olive oil and thyme ']
['#C C pick up plate ']
['#C C hold plate ']
['#C C scoop olive oil and thyme ']
['#C C put olive oil and thyme into dough ']
['#C C put mixture of olive oil and thyme onto dough ']
['#C C scoop olive oil and dough from plate ']
['#C C add olive oil and thyme to dough ']
['#C C pour olive oil and thyme from plate to dough ']
['#C C mix meat ']
['#C C put plate ']
['#C C scoop thyme using spoon ']
['#C C add thyme to dough ']
['#C C pour thyme from plate to dough ']
['#C C put plate in sink ']
['#C C open tap ']
['#C C wash hands ']
['#C C pick up towel ']
['#C C dry hands ']
['#C C open cupboard ']
['#C C stir meat with yoghurt and tahini ']
['#C C pick up pine nuts ']
['#C C pour pine nuts into hand ']
['#C C place pine nuts ']
['#C C add pine nuts to pie ']
['#C C pick up pine nuts from hand ']
['#C C put pine nuts on pie ']
['#C C put pine nuts on pie ']
['#C C pick up pine nuts bag ']
['#C C pour pine nuts bag into hand ']
['#C C put pine nuts bag ']
['#C C open drawer ']
['#C C add pine nuts to pie ']
['#C C add pine nuts to pie ']
['#C C add pine nuts to pie ']
['#C C add pine nuts to pie ']
['#C C add pine nuts to pie ']
['#C C pick up pine nuts bag ']
['#C C pour pine nuts into hand ']
['#C C return pine nuts bag ']
['#C C add pine nuts on pie ']
['#C C add pine nuts to pie ']
['#C C get tupperware ']
['#C C put pine nuts on pie ']
['#C C pick up pine nuts bag ']
['#C C open fridge ']
['#C C return bag ']
['#C C close fridge ']
['#C C pick up towel ']
['#C C pick up oven gloves ']
['#C C open oven ']
['#C C remove oven tray ']
['#C C push oven tray ']
['#C C open drawer ']
['#C C close oven ']
['#C C remove oven glove ']
['#C C get spoon ']
['#C C close drawer ']
['#C C open herb ']
['#C C open tupperware ']
['#C C pick up meat ']
['#C C put meat in tupperware ']
['#C C pick up meat ']
['#C C put meat in tupperware ']
['#C C pick up meat ']
['#C C put in tupperware ']
['#C C pick up meat ']
['#C C put in tupperware ']
['#C C put spoon ']
['#C C sprinkle herb on meat ']
['#C C close tupperware ']
['#C C put tupperware away ']
['#C C hold pan ']
['#C C stir meat with tahini and yoghurt ']
['#C C mixing meat ']
['#C C open yoghurt ']
['#C C pick up spoon ']
['#C C scoop yoghurt ']
['#C C pour yoghurt ']
['#C C put spoon ']
['#C C sprinkle herb on meat ']
['#C C put yoghurt ']
['#C C hold pan ']
['#C C stir meat with yoghurt ']
['#C C still stirring meat ']
['#C C taste meat mix ']
['#C C stir meat ']
['#C C pick up pan ']
['#C C put pan ']
['#C C move pan ']
['#C C open cupboard ']
['#C C close herb ']
['#C C pick up tray ']
['#C C pick up tray ']
['#C C move bags ']
['#C C close cupboard ']
['#C C pick up tray ']
['#C C put tray ']
['#C C put tray ']
['#C C pick up open cupboard ']
['#C C return tray ']
['#C C pick another tray ']
['#C C put herb ']
['#C C remove lid ']
['#C C put lid ']
['#C C close cupboard ']
['#C C shake tray ']
['#C C move tray ']
['#C C put tray ']
['#C C pick up plate ']
['#C C move can ']
['#C C get thyme ']
['#C C put plate ']
['#C C open drawer ']
['#C C put thyme ']
['#C C set off timer ']
['#C C open oven ']
['#C C pull drawer ']
['#C C pick up bowl ']
['#C C push drawer ']
['#C C close oven ']
['#C C move tray ']
['#C C set off timer ']
['#C C put bowl ']
['#C C pick up oven glove ']
['#C C wear oven glove ']
['#C C put tray in oven ']
['#C C close oven ']
['#C C set timer ']
['#C C remove oven glove ']
['#C C pick up tray ']
['#C C put tray in oven ']
['#C C open oven ']
['#C C pick up tray ']
['#C C put tray in oven ']
['#C C close oven ']
['#C C pick up tray ']
['#C C open oven ']
['#C C set off timer ']
['#C C wear oven glove ']
['#C C put tray in oven ']
['#C C close oven ']
['#C C set timer ']
['#C C remove oven glove ']
['#C C open oven ']
['#C C pick up tray ']
['#C C pull drawer of oven ']
['#C C place tray on stove ']
['#C C pull drawer ']
['#C C pick up tray ']
['#C C put tray ']
['#C C pick up tray ']
['#C C pick up tupperware ']
['#C C pick up pie ']
['#C C put pie ']
['#C C pick up pie ']
['#C C put pie ']
['#C C pick up pie ']
['#C C put pie ']
['#C C move pie ']
['#C C pick up lid ']
['#C C close tupperware ']
['#C C pick up paper towel ']
['#C C get paper towel ']
['#C C place pie in tupperware ']
['#C C pick up tupperware ']
['#C C dry tupperware ']
['#C C dry tupperware ']
['#C C hold tupperware ']
['#C C pick up pie ']
['#C C pick up pie ']
['#C C put in tupperware ']
['#C C put pie ']
['#C C pick up pie ']
['#C C pick up pie ']
['#C C pick up pie ']
['#C C put down pie ']
['#C C put pie ']
['#C C pick up pie ']
['#C C put pie ']
['#C C place tupperware ']
['#C C pick up lid ']
['#C C dry lid ']
['#C C hold and dry lid ']
['#C C close tupperware ']
['#C C pick up two tupperware ']
['#C C place in tupperware ']
['#C C place tupperware ']
['#C C open fridge ']
['#C C remove salad from fridge ']
['#C C put salad plate ']
['#C C move stuff in fridge ']
['#C C move eggs in fridge ']
['#C C put tupperware in fridge ']
['#C C put tupperware in fridge ']
['#C C move tupperware ']
['#C C close fridge ']
['#C C pick up pie ']
['#C C place pie ']
['#C C pick up pie ']
['#C C put pie ']
['#C C pick up pie ']
['#C C open cupboard ']
['#C C grab glass ']
['#C C put juice ']
['#C C close fridge ']
['#C C pick up glass ']
['#C C close cupboard ']
['#C C open fridge ']
['#C C grab juice ']
['#C C close fridge ']
['#C C open juice ']
['#C C pour juice ']
['#C C close juice ']
['#C C open fridge ']
['#C C put bag ']
['#C C put glass ']
['#C C grab drink ']
['#C C close fridge ']
['#C C put drink in bag ']
['#C C close bag ']
['#C C pick up bag ']
['#C C open fridge ']
['#C C grab pancakes ']
['#C C close fridge ']
['#C C open cupboard ']
['#C C take plate ']
['#C C open fridge ']
['#C C put plate ']
['#C C put pancakes on plate ']
['#C C close cupboard ']
['#C C put in bin ']
['#C C take plate ']
['#C C take bag ']
['#C C grab lunch box ']
['#C C close fridge ']
['#C C grab fork ']
['#C C open bag ']
['#C C put lunch box in bag ']
['#C C put fork in bag ']
['#C C open fridge ']
['#C C turn on tap ']
['#C C turn on oven ']
['#C C put salmon ']
['#C C close drawer ']
['#C C close fridge ']
['#C C pour potatoes ']
['#C C pour potatoes ']
['#C C open fridge ']
['#C C open drawer ']
['#C C put potatoes ']
['#C C close drawer ']
['#C C close fridge ']
['#C C grab salt ']
['#C C open cupboard ']
['#C C open salt ']
['#C C pour salt ']
['#C C put salt ']
['#C C turn on hob ']
['#C C shake saucepan ']
['#C C check temperature ']
['#C C check temperature ']
['#C C move saucepan ']
['#C C grab kettle ']
['#C C pour kettle ']
['#C C grab baking tray ']
['#C C put kettle ']
['#C C grab tray ']
['#C C open oven ']
['#C C put tray in oven ']
['#C C close the oven ']
['#C C close cupboard ']
['#C C put baking tray ']
['#C C open drawer ']
['#C C grab foil ']
['#C C close drawer ']
['#C C open salmon ']
['#C C pick up foil ']
['#C C wash hands ']
['#C C place foil ']
['#C C open drawer ']
['#C C close drawer ']
['#C C open drawer ']
['#C C get scissors ']
['#C C cut foil ']
['#C C cut foil in half ']
['#C C put scissors in drawer ']
['#C C close drawer ']
['#C C pick up salmon ']
['#C C pour soap ']
['#C C put salmon on foil ']
['#C C pick up salmon ']
['#C C put salmon on foil ']
['#C C put packaging on side ']
['#C C wash hands ']
['#C C turn on tap ']
['#C C turn off tap ']
['#C C grab oil ']
['#C C pour oil ']
['#C C pour oil ']
['#C C wash hands ']
['#C C close oil ']
['#C C put oil on side ']
['#C C grab pepper ']
['#C C open pepper ']
['#C C grind pepper ']
['#C C grind pepper ']
['#C C close pepper ']
['#C C put pepper on side ']
['#C C grab herbs ']
['#C C pour herbs ']
['#C C turn off tap ']
['#C C pour herbs ']
['#C C close herbs ']
['#C C put herbs on side ']
['#C C open fridge ']
['#C C grab garlic paste ']
['#C C close fridge ']
['#C C press garlic paste ']
['#C C get spoon ']
['#C C open garlic paste ']
['#C C squeeze garlic paste ']
['#C C dry hands ']
['#C C squeeze garlic paste ']
['#C C scoop garlic paste ']
['#C C close garlic paste ']
['#C C open fridge ']
['#C C put garlic paste ']
['#C C close fridge ']
['#C C spread garlic ']
['#C C spread garlic ']
['#C C put spoon ']
['#C C grab tabasco ']
['#C C open fridge ']
['#C C open tabasco ']
['#C C pour tabasco ']
['#C C close tabasco ']
['#C C put tabasco on the side ']
['#C C grab salt ']
['#C C open salt ']
['#C C pour salt ']
['#C C sprinkle salt ']
['#C C sprinkle salt ']
['#C C dry hands ']
['#C C grab salmon ']
['#C C grab salt ']
['#C C put salt ']
['#C C wrap foil ']
['#C C put foil on tray ']
['#C C fold foil ']
['#C C put foil on tray ']
['#C C grab foil ']
['#C C open drawer ']
['#C C put foil ']
['#C C close drawer ']
['#C C close fridge ']
['#C C pick up kettle ']
['#C C fill kettle ']
['#C C close kettle ']
['#C C put kettle ']
['#C C turn kettle on ']
['#C C grab saucepan ']
['#C C put saucepan ']
['#C C open fridge ']
['#C C open drawer ']
['#C C grab potatoes ']
['#C C turn down hob ']
['#C C turn on extractor fan ']
['#C C place saucepan ']
['#C C move saucepan ']
['#C C put lid on saucepan ']
['#C C move tap ']
['#C C drain water ']
['#C C pour vegetables on plate ']
['#C C pour vegetables on plate ']
['#C C grab spoon ']
['#C C spoon vegetables ']
['#C C put saucepan ']
['#C C grab saucepan ']
['#C C turn on hob ']
['#C C spoon potatoes ']
['#C C put saucepan on side ']
['#C C turn off oven ']
['#C C open oven ']
['#C C turn off extractor fan ']
['#C C put spoon ']
['#C C grab oven mitts ']
['#C C grab tray ']
['#C C close oven ']
['#C C put tray on side ']
['#C C open drawer ']
['#C C put down oven mitts ']
['#C C open foil ']
['#C C open foil ']
['#C C grab spoon ']
['#C C put on oven mitt ']
['#C C spoon salmon ']
['#C C spoon salmon ']
['#C C grab plate ']
['#C C put salmon on plate ']
['#C C put down spoon ']
['#C C grab scissors ']
['#C C grab foil ']
['#C C put foil in bin ']
['#C C put oven mitts on oven ']
['#C C open drawer ']
['#C C grab cutlery ']
['#C C close drawer ']
['#C C close drawer ']
['#C C open carrot bag ']
['#C C pour carrots ']
['#C C open sweet corn ']
['#C C pour sweet corn ']
['#C C grab carrot bag ']
['#C C open freezer ']
['#C C open freezer ']
['#C C open drawer ']
['#C C put carrots ']
['#C C put sweet corn ']
['#C C close drawer ']
['#C C close freezer ']
['#C C grab lid ']
['#C C put lid ']
['#C C shake pan ']
['#C C transfer water ']
['#C C open drawer ']
['#C C put pan on hob ']
['#C C open drawer ']
['#C C grab knife ']
['#C C close drawer ']
['#C C cut potatoes ']
['#C C grab oil ']
['#C C open oil ']
['#C C put saucepan on hob ']
['#C C pour oil ']
['#C C grab spoon ']
['#C C grab sweet corn ']
['#C C turn down fan ']
['#C C stir potatoes ']
['#C C stir potatoes ']
['#C C keep stirring potatoes ']
['#C C shake pan ']
['#C C stir potatoes ']
['#C C stir potatoes ']
['#C C turn on extractor fan ']
['#C C shake pan ']
['#C C open drawer ']
['#C C grab carrots ']
['#C C grab spoon ']
['#C C close drawer ']
['#C C grab spice ']
['#C C shake pan ']
['#C C stir potatoes ']
['#C C shake pan ']
['#C C stir potatoes ']
['#C C grab pepper ']
['#C C open pepper ']
['#C C grind pepper ']
['#C C close freezer drawer ']
['#C C close pepper ']
['#C C put pepper ']
['#C C spoon spice mix ']
['#C C close spice mix ']
['#C C put spice mix on side ']
['#C C shake pan ']
['#C C stir potatoes ']
['#C C shake pan ']
['#C C stir potatoes ']
['#C C shake pan ']
['#C C close freezer ']
['#C C stir potatoes ']
['#C C grab plates ']
['#C C put plate ']
['#C C put rubbish in bin ']
['#C C grab scissors ']
['#C C put scissors ']
['#C C open drawer ']
['#C C close drawer ']
['#C C grab spoon ']
['#C C put spoon ']
['#C C move lunch box ']
['#C C tear off plastic ']
['#C C tear off paper ']
['#C C put rubbish in bin ']
['#C C shake potatoes ']
['#C C stir potatoes ']
['#C C turn on water ']
['#C C wash hands ']
['#C C grab plastic ']
['#C C wash plastic ']
['#C C turn off tap ']
['#C C grab saucepan ']
['#C C put plastic on side ']
['#C C dry hands ']
['#C C shake potatoes ']
['#C C stir potatoes ']
['#C C shake potatoes ']
['#C C stir potatoes ']
['#C C turn on extractor fan ']
['#C C stir potatoes ']
['#C C turn down hob ']
['#C C turn off hob ']
['#C C put glasses on the side ']
['#C C fill glass ']
['#C C close fridge ']
['#C C pick up glass ']
['#C C turn on tap ']
['#C C fill up glass ']
['#C C turn off tap ']
['#C C pick up glass ']
['#C C put glass on side ']
['#C C open fridge ']
['#C C take squash ']
['#C C close fridge ']
['#C C pour squash ']
['#C C close squash ']
['#C C put squash in fridge ']
['#C C take grapes ']
['#C C put plates on the side ']
['#C C open fridge ']
['#C C put grapes in fridge ']
['#C C close fridge ']
['#C C turn on tap ']
['#C C wash hands ']
['#C C pick up peanuts ']
['#C C open packet ']
['#C C open cupboard ']
['#C C put down baking tray ']
['#C C pick up baking tray ']
['#C C open drawer ']
['#C C pick up scales ']
['#C C pick up baking tray ']
['#C C put down scales ']
['#C C put baking tray on scales ']
['#C C dry hands ']
['#C C measure peanuts ']
['#C C open drawer ']
['#C C pick up clip ']
['#C C close packet ']
['#C C open fridge ']
['#C C put away peanuts ']
['#C C put away scales ']
['#C C grind spices ']
['#C C scrape pestle ']
['#C C scrape spices into pan ']
['#C C pick up pan ']
['#C C stir spice paste ']
['#C C open cupboard ']
['#C C read packet ']
['#C C look for coconut powder ']
['#C C open drawer ']
['#C C pick up spoon ']
['#C C open cupboard ']
['#C C pick up bowl ']
['#C C test water ']
['#C C fill bowl with water ']
['#C C put down pan ']
['#C C put down bowl ']
['#C C sprinkle coconut powder ']
['#C C mix coconut powder ']
['#C C open coconut powder ']
['#C C mix coconut powder ']
['#C C stir spice paste ']
['#C C stir coconut milk ']
['#C C spoon coconut milk to spice paste ']
['#C C mix spice paste ']
['#C C turn on hob ']
['#C C pick up slow cooker bowl ']
['#C C spoon coconut milk into pan ']
['#C C mix spice paste ']
['#C C open fridge ']
['#C C pick up beef ']
['#C C open packet ']
['#C C cut beef ']
['#C C cut beef ']
['#C C cut beef ']
['#C C put down scissors ']
['#C C wash hands ']
['#C C put down slow cooker bowl ']
['#C C dry hands ']
['#C C put peanuts in oven ']
['#C C put timer on ']
['#C C stir beef ']
['#C C turn on hob ']
['#C C turn on oven ']
['#C C open fridge ']
['#C C mix coconut milk ']
['#C C add water ']
['#C C throw away bag ']
['#C C pick up peeler ']
['#C C peel potatoes ']
['#C C peel potato ']
['#C C stir beef ']
['#C C peel potato ']
['#C C peel potato ']
['#C C check time ']
['#C C open oven ']
['#C C check peanuts ']
['#C C pour water ']
['#C C peel potato ']
['#C C cut potato ']
['#C C cut potato ']
['#C C cut potato ']
['#C C still cutting potato ']
['#C C put potato in pan ']
['#C C stir pan ']
['#C C pour coconut milk powder ']
['#C C mix coconut milk ']
['#C C put water ']
['#C C stir beef ']
['#C C open cupboard ']
['#C C pick up potatoes ']
['#C C turn on light ']
['#C C pick up chillies ']
['#C C slice chillies ']
['#C C remove pith ']
['#C C remove pith from chilli ']
['#C C slice chilli ']
['#C C put chilli in pan ']
['#C C put chilli in pan ']
['#C C remove pith ']
['#C C slice chilli ']
['#C C put chilli in pan ']
['#C C chop end of chilli ']
['#C C remove pith from chilli ']
['#C C remove pith from chilli ']
['#C C slice chilli ']
['#C C stir pan ']
['#C C pour coconut milk into pan ']
['#C C stir pan ']
['#C C open drawer ']
['#C C open drawer ']
['#C C look for spice ']
['#C C keep looking for spice ']
['#C C open drawer ']
['#C C pick up spoon ']
['#C C close drawer ']
['#C C open tub ']
['#C C smell ']
['#C C stir pan ']
['#C C spoon spice ']
['#C C open fridge ']
['#C C pick up tamarind spice ']
['#C C look at label ']
['#C C put back ']
['#C C chop onion ']
['#C C put onion in pan ']
['#C C open fridge ']
['#C C pick up onion ']
['#C C unwrap onion ']
['#C C peel onion ']
['#C C slice onion ']
['#C C look in fridge ']
['#C C stir pan ']
['#C C open cupboard ']
['#C C pick up shreddies ']
['#C C pick up tub ']
['#C C open tub ']
['#C C spoon sugar ']
['#C C spoon sugar ']
['#C C pick up chopping board ']
['#C C put down chopping board ']
['#C C pick up potato ']
['#C C put in pan ']
['#C C taste liquid ']
['#C C stir pan ']
['#C C turn off hob ']
['#C C pick up lid of slow cooker ']
['#C C pick up slow cooker pan ']
['#C C put pan in slow cooker ']
['#C C move rice cooker ']
['#C C put rice cooker on floor ']
['#C C move slow cooker ']
['#C C plug slow cooker in ']
['#C C turn on socket ']
['#C C look in spice drawer ']
['#C C put lid on slow cooker ']
['#C C put away coconut powder ']
['#C C put beef packet in bin ']
['#C C rinse beef packet ']
['#C C put container down ']
['#C C put shrimp paste in cupboard ']
['#C C put fish sauce in cupboard ']
['#C C put lemon grass and galangal in fridge ']
['#C C pick up container ']
['#C C put down container ']
['#C C put cinnamon in pan ']
['#C C pick up rubbish ']
['#C C pick up packet ']
['#C C put in bin ']
['#C C put veggie peelings in new bin ']
['#C C put chopping board down ']
['#C C wash knife ']
['#C C dry knife ']
['#C C put knife away ']
['#C C wash pan ']
['#C C dry pan ']
['#C C close drawer ']
['#C C put down pan ']
['#C C turn on hob ']
['#C C open freezer ']
['#C C pick up tuna patties ']
['#C C put tuna patties in pan ']
['#C C open freezer drawer ']
['#C C look for rice ']
['#C C pick up rice ']
['#C C open rice ']
['#C C put rice in microwave ']
['#C C pour coconut powder into pan ']
['#C C turn on microwave ']
['#C C look at recipe ']
['#C C spoon fish oil ']
['#C C close drawer ']
['#C C open cupboard ']
['#C C pick up lunch box ']
['#C C flip tuna patty ']
['#C C pick tuna patty ']
['#C C put in lunch box ']
['#C C turn off hob ']
['#C C open freezer ']
['#C C pick up tamagoyaki ']
['#C C put tamagoyaki in lunch box ']
['#C C close freezer ']
['#C C open cucumber salad ']
['#C C put cucumber salad in lunch box ']
['#C C open microwave ']
['#C C put away cucumber salad ']
['#C C open carrot ']
['#C C put carrot in lunch box ']
['#C C put away carrot ']
['#C C open cucumber salad ']
['#C C put cucumber salad in lunch box ']
['#C C close container ']
['#C C turn off fan ']
['#C C open fridge ']
['#C C put away containers ']
['#C C pick up rice ']
['#C C close fridge ']
['#C C close lunch box ']
['#C C wash fork ']
['#C C dry fork ']
['#C C put fork on lunch box ']
['#C C open cupboard ']
['#C C pick up bowl ']
['#C C pour cereal ']
['#C C put away cereal ']
['#C C close drawer ']
['#C C open lunch box ']
['#C C open cupboard ']
['#C C pick up raisins ']
['#C C pour raisins ']
['#C C put away raisins ']
['#C C open fridge ']
['#C C pick up yoghurt ']
['#C C open drawer ']
['#C C pick up spoon ']
['#C C spoon yoghurt ']
['#C C put away yoghurt ']
['#C C open drawer ']
['#C C pick up fork ']
['#C C put rice in lunch box ']
['#C C still putting rice in lunch box ']
['#C C put in lunch box ']
['#C C pick up plate ']
['#C C put in cupboard ']
['#C C put away rolling pin ']
['#C C pick up kitchen roll ']
['#C C wipe counter ']
['#C C put chilli flakes back in cupboard ']
['#C C stare at cupboard ']
['#C C close cupboard ']
['#C C put kitchen roll in bin ']
['#C C clean sink ']
['#C C rinse sink sieve ']
['#C C clean sink ']
['#C C squeeze sponge ']
['#C C put away spoon ']
['#C C dry hands ']
['#C C put lid on slow cooker ']
['#C C dry hands ']
['#C C dry spoon ']
['#C C wipe bowl ']
['#C C put away spatula ']
['#C C load dishwasher ']
['#C C put bowl in dishwasher ']
['#C C put spatula in dishwasher ']
['#C C put chopping board in dishwasher ']
['#C C put cutlery in dishwasher ']
['#C C put in cupboard ']
['#C C put wok in dishwasher ']
['#C C put tupperware in dishwasher ']
['#C C put tupperware in dishwasher ']
['#C C empty tupperware into bin ']
['#C C put baking tray in dishwasher ']
['#C C put baking tray in cupboard ']
['#C C throw away paper ']
['#C C wash pestle and mortar ']
['#C C still washing pestle and mortar ']
['#C C still washing pestle and mortar ']
['#C C pick up pan ']
['#C C dry hands ']
['#C C pick up pan ']
['#C C put in dishwasher ']
['#C C put away spice ']
['#C C check slow cooker ']
['#C C stir slow cooker ']
['#C C open drawer ']
['#C C taste food ']
['#C C drain sink ']
['#C C open drawer ']
['#C C emptying dishwasher ']
['#C C pick up spoon ']
['#C C taste liquid ']
['#C C open cupboard ']
['#C C pick up coconut powder ']
['#C C pour coconut powder in slow cooker ']
['#C C open cupboard ']
['#C C pick up glass ']
['#C C pour water into glass ']
['#C C tip water into slow cooker ']
['#C C stir slow cooker ']
['#C C put away pan ']
['#C C taste liquid ']
['#C C pour coconut powder ']
['#C C turn on tap ']
['#C C pour liquid into glass ']
['#C C pour water into slow cooker ']
['#C C stir slow cooker ']
['#C C taste liquid ']
['#C C put lid back on slow cooker ']
['#C C put away coconut powder ']
['#C C pick up rice cooker ']
['#C C put away tray ']
['#C C put rice cooker down ']
['#C C plug in rice cooker ']
['#C C turn on switch ']
['#C C pull out rice cooker bowl ']
['#C C pick up bag of rice ']
['#C C measure rice ']
['#C C put away rice ']
['#C C wash rice ']
['#C C still washing rice ']
['#C C still washing rice ']
['#C C put away cutlery ']
['#C C measure water into rice cooker ']
['#C C dry outside of rice cooker bowl ']
['#C C open drawer ']
['#C C pick up rice paddle ']
['#C C scrape rice into water ']
['#C C put lid on rice cooker ']
['#C C open fridge ']
['#C C take out broccoli ']
['#C C pick up pan ']
['#C C put pan on hob ']
['#C C open drawer ']
['#C C put broccoli down ']
['#C C fill pan with water ']
['#C C put pan on hob ']
['#C C get knife ']
['#C C chop broccoli ']
['#C C put broccoli in pan ']
['#C C put broccoli sort in bin ']
['#C C check slow cooker ']
['#C C open cupboard ']
['#C C pick up chilli flakes ']
['#C C put away measuring jug ']
['#C C pour chilli flakes in slow cooker ']
['#C C stir slow cooker ']
['#C C taste curry ']
['#C C put salt in curry ']
['#C C grind pepper ']
['#C C fix pepper container ']
['#C C grind pepper ']
['#C C stir slow cooker ']
['#C C taste curry ']
['#C C put lid on slow cooker ']
['#C C pick up fork ']
['#C C mix broccoli ']
['#C C check rice ']
['#C C open cupboard ']
['#C C pick a plate ']
['#C C put down plate ']
['#C C spoon rice onto plate ']
['#C C put rice back ']
['#C C spoon rice onto plate ']
['#C C open slow cooker ']
['#C C serve curry ']
['#C C serve curry ']
['#C C turn off hob ']
['#C C put broccoli on plate ']
['#C C drain broccoli ']
['#C C put broccoli on plate ']
['#C C open drawer ']
['#C C pick up fork ']
['#C C spoon rice onto plate ']
['#C C put fork on plate ']
['#C C turn off light ']
['#C C open cupboard ']
['#C C pick up tupperware ']
['#C C spoon rice into tupperware ']
['#C C turn off rice cooker ']
['#C C plug in kettle ']
['#C C close tupperware ']
['#C C put tupperware into freezer ']
nDCG: VT:0.375 TV:0.352 AVG:0.363
mAP: VT:0.423 TV:0.337 AVG:0.380
